Игра запущена
начало загрузки словаря из файла: words_ru.txt
Непустых слов: 67774
Словарь отфильтрован
Словарь создан
Выбрано случайное слово: мишка
Игра создана, загаданное слово мишка
Старт игрового цикла
Запрос подсказки
Выбрано случайное слово: жажда
Попытка игрока: жажда
Проверка слова жажда в словаре:true
Результат попытки: ----+ для слова: жажда
Попытка игрока: дождь
Проверка слова дождь в словаре:true
Результат попытки: ----- для слова: дождь
Запрос подсказки
Поиск слова по ограничениям, исключено слов:2
Найдено подходящих слов:0
Попытка игрока: бровь
Проверка слова бровь в словаре:true
Результат попытки: ----- для слова: бровь
Запрос подсказки
Поиск слова по ограничениям, исключено слов:3
Найдено подходящих слов:0
Попытка игрока: знамя
Проверка слова знамя в словаре:true
Результат попытки: --^^- для слова: знамя
Запрос подсказки
Поиск слова по ограничениям, исключено слов:4
Найдено подходящих слов:0
Попытка игрока: шофер
Проверка слова шофер в словаре:true
Результат попытки: ^---- для слова: шофер
Запрос подсказки
Поиск слова по ограничениям, исключено слов:5
Найдено подходящих слов:0
Попытка игрока: лента
Проверка слова лента в словаре:true
Результат попытки: ----+ для слова: лента
Игра завершена успешно
Игра запущена
начало загрузки словаря из файла: words_ru.txt
Непустых слов: 67774
Словарь отфильтрован
Словарь создан
Выбрано случайное слово: вывес
Игра создана, загаданное слово вывес
Старт игрового цикла
Запрос подсказки
Выбрано случайное слово: почта
Попытка игрока: почта
Проверка слова почта в словаре:true
Результат попытки: ----- для слова: почта
Запрос подсказки
Поиск слова по ограничениям, исключено слов:1
Найдено подходящих слов:590
Выбрано слово:нищие
Попытка игрока: нищие
Проверка слова нищие в словаре:true
Результат попытки: ----^ для слова: нищие
Попытка игрока: пизда
Проверка слова пизда в словаре:true
Результат попытки: ----- для слова: пизда
Запрос подсказки
Поиск слова по ограничениям, исключено слов:3
Найдено подходящих слов:96
Выбрано слово:ессей
Попытка игрока: ессей
Проверка слова ессей в словаре:true
Результат попытки: -^-+- для слова: ессей
Попытка игрока: дождь
Проверка слова дождь в словаре:true
Результат попытки: ----- для слова: дождь
Запрос подсказки
Поиск слова по ограничениям, исключено слов:5
Найдено подходящих слов:11
Выбрано слово:вывес
Попытка игрока: вывес
Проверка слова вывес в словаре:true
Результат попытки: +++++ для слова: вывес
Игрок угадал слово
Игра завершена успешно
Игра запущена
начало загрузки словаря из файла: words_ru.txt
Непустых слов: 67774
Словарь отфильтрован
Словарь создан
Выбрано случайное слово: лизис
Игра создана, загаданное слово лизис
Старт игрового цикла
Игра запущена
начало загрузки словаря из файла: words_ru.txt
Непустых слов: 67774
Игра запущена
начало загрузки словаря из файла: words_ru.txt
Непустых слов: 67775
Игра запущена
начало загрузки словаря из файла: words_ru.txt
Непустых слов: 67708
Словарь отфильтрован
Словарь создан
Выбрано случайное слово: гелий
Игра создана, загаданное слово гелий
Старт игрового цикла
Игра запущена
начало загрузки словаря из файла: words_ru.txt
Непустых слов: 67708
Игра запущена
начало загрузки словаря из файла: words_ru.txt
Непустых слов: 67774
Словарь отфильтрован
Словарь создан
Выбрано случайное слово: щеглы
Игра создана, загаданное слово щеглы
Старт игрового цикла
Запрос подсказки
Выбрано случайное слово: спирт
Попытка игрока: спирт
Проверка слова спирт в словаре:true
Результат попытки: ----- для слова: спирт
Запрос подсказки
Поиск слова по ограничениям, исключено слов:1
Найдено подходящих слов:945
Выбрано слово:канал
Попытка игрока: канал
Проверка слова канал в словаре:true
Результат попытки: ----^ для слова: канал
Запрос подсказки
Поиск слова по ограничениям, исключено слов:2
Найдено подходящих слов:87
Выбрано слово:земля
Попытка игрока: земля
Проверка слова земля в словаре:true
Результат попытки: -+-+- для слова: земля
Запрос подсказки
Поиск слова по ограничениям, исключено слов:3
Найдено подходящих слов:3
Выбрано слово:чехлы
Попытка игрока: чехлы
Проверка слова чехлы в словаре:true
Результат попытки: -+-++ для слова: чехлы
Запрос подсказки
Поиск слова по ограничениям, исключено слов:4
Найдено подходящих слов:1
Выбрано слово:щеглы
Попытка игрока: щеглы
Проверка слова щеглы в словаре:true
Результат попытки: +++++ для слова: щеглы
Игрок угадал слово
Игра завершена успешно
Игра запущена
начало загрузки словаря из файла: words_ru.txt
Непустых слов: 67774
-------------Словарь отфильтрован-----------
Словарь создан
Выбрано случайное слово: тифон
Игра создана, загаданное слово тифон
Старт игрового цикла
Запрос подсказки
Выбрано случайное слово: кодак
Попытка игрока: кодак
Проверка слова кодак в словаре:true
Результат попытки: -^--- для слова: кодак
Запрос подсказки
Поиск слова по ограничениям, исключено слов:1
Найдено подходящих слов:320
Выбрано слово:фенол
Попытка игрока: фенол
Проверка слова фенол в словаре:true
Результат попытки: ^-^+- для слова: фенол
Запрос подсказки
Поиск слова по ограничениям, исключено слов:2
Найдено подходящих слов:3
Выбрано слово:шифон
Попытка игрока: шифон
Проверка слова шифон в словаре:true
Результат попытки: -++++ для слова: шифон
Запрос подсказки
Поиск слова по ограничениям, исключено слов:3
Найдено подходящих слов:2
Выбрано слово:тифон
Попытка игрока: тифон
Проверка слова тифон в словаре:true
Результат попытки: +++++ для слова: тифон
Игрок угадал слово
Игра завершена успешно
